********************************************************************************
product = WebSphere Application Server 8.5.5.5 (wlp-1.0.8.cl50520150305-2202)
wlp.install.dir = /home/tusharsharma/eclipse-jee-luna-SR2-linux-gtk-x86_64/eclipse/plugins/com.worklight.worklight-artifacts_7.1.0.00-20190704-0841/liberty/wlp/
server.config.dir = /home/tusharsharma/tushi-work/projects/mobilefirst/MobileFirstServerConfig/servers/worklight/
java.home = /usr/lib/jvm/bellsoft-java8.x86_64/jre
java.version = 1.8.0_222
java.runtime = OpenJDK Runtime Environment (1.8.0_222-BellSoft-b11)
os = Linux (5.2.9-200.fc30.x86_64; amd64) (en_US)
process = 22950@localhost.localdomain
********************************************************************************
[9/5/19 9:45:23:220 IST] 00000001 com.ibm.ws.kernel.launch.internal.FrameworkManager           A CWWKE0001I: The server worklight has been launched.
[9/5/19 9:45:27:842 IST] 00000001 com.ibm.ws.kernel.launch.internal.FrameworkManager           I CWWKE0002I: The kernel started after 6.303 seconds
[9/5/19 9:45:27:912 IST] 0000001b com.ibm.ws.kernel.feature.internal.FeatureManager            I CWWKF0007I: Feature update started.
[9/5/19 9:45:29:999 IST] 00000011 com.ibm.ws.security.internal.SecurityReadyServiceImpl        I CWWKS0007I: The security service is starting...
[9/5/19 9:45:31:241 IST] 0000001e com.ibm.ws.tcpchannel.internal.TCPChannel                    I CWWKO0219I: TCP Channel defaultHttpEndpoint has been started and is now listening for requests on host *  (IPv6) port 10080.
[9/5/19 9:45:31:252 IST] 00000011 com.ibm.ws.app.manager.internal.monitor.DropinMonitor        A CWWKZ0058I: Monitoring dropins for applications. 
[9/5/19 9:45:32:559 IST] 00000014 com.ibm.ws.ssl.config.WSKeyStore                             I CWPKI0802I: Creating the SSL certificate. This may take a few seconds.
[9/5/19 9:45:34:930 IST] 00000011 com.ibm.ws.cache.ServerCache                                 I DYNA1001I: WebSphere Dynamic Cache instance named baseCache initialized successfully.
[9/5/19 9:45:34:934 IST] 00000011 com.ibm.ws.cache.ServerCache                                 I DYNA1071I: The cache provider default is being used.
[9/5/19 9:45:34:935 IST] 00000011 com.ibm.ws.cache.CacheServiceImpl                            I DYNA1056I: Dynamic Cache (object cache) initialized successfully.
[9/5/19 9:45:35:031 IST] 00000028 com.ibm.ws.security.token.ltpa.internal.LTPAKeyInfoManager   I CWWKS4103I: Creating the LTPA keys. This may take a few seconds.
[9/5/19 9:45:35:091 IST] 00000014 com.ibm.ws.ssl.config.WSKeyStore                             A CWPKI0803A: SSL certificate created in 2.531 seconds. SSL key file: /home/tusharsharma/tushi-work/projects/mobilefirst/MobileFirstServerConfig/servers/worklight/resources/security/key.jks
[9/5/19 9:45:35:380 IST] 00000029 com.ibm.ws.tcpchannel.internal.TCPChannel                    I CWWKO0219I: TCP Channel defaultHttpEndpoint-ssl has been started and is now listening for requests on host *  (IPv6) port 10443.
[9/5/19 9:45:36:261 IST] 0000002d com.ibm.ws.app.manager.AppMessageHelper                      I CWWKZ0018I: Starting application AnalyticsUI.
[9/5/19 9:45:36:261 IST] 0000002c com.ibm.ws.app.manager.AppMessageHelper                      I CWWKZ0018I: Starting application AnalyticsServices.
[9/5/19 9:45:36:265 IST] 0000002e com.ibm.ws.app.manager.AppMessageHelper                      I CWWKZ0018I: Starting application WorklightConsole.
[9/5/19 9:45:36:269 IST] 0000002f com.ibm.ws.app.manager.AppMessageHelper                      I CWWKZ0018I: Starting application WorklightServices.
[9/5/19 9:45:36:663 IST] 00000028 com.ibm.ws.security.token.ltpa.internal.LTPAKeyInfoManager   A CWWKS4104A: LTPA keys created in 1.632 seconds. LTPA key file: /home/tusharsharma/tushi-work/projects/mobilefirst/MobileFirstServerConfig/servers/worklight/resources/security/ltpa.keys
[9/5/19 9:45:36:680 IST] 00000028 com.ibm.ws.security.internal.SecurityReadyServiceImpl        I CWWKS0008I: The security service is ready.
[9/5/19 9:45:36:681 IST] 00000028 com.ibm.ws.security.token.ltpa.internal.LTPAKeyCreator       I CWWKS4105I: LTPA configuration is ready after 1.655 seconds.
[9/5/19 9:45:38:358 IST] 0000002e m.ibm.ws.container.service.app.deploy.ManifestClassPathUtils W SRVE9967W: The manifest class path jaxb-api.jar can not be found in jar file wsjar:file:/home/tusharsharma/tushi-work/projects/mobilefirst/MobileFirstServerConfig/servers/worklight/apps/worklight-management-ui.war!/WEB-INF/lib/jaxb-impl-2.1.12.osgi.jar or its parent.
[9/5/19 9:45:38:360 IST] 0000002e m.ibm.ws.container.service.app.deploy.ManifestClassPathUtils W SRVE9967W: The manifest class path activation.jar can not be found in jar file wsjar:file:/home/tusharsharma/tushi-work/projects/mobilefirst/MobileFirstServerConfig/servers/worklight/apps/worklight-management-ui.war!/WEB-INF/lib/jaxb-impl-2.1.12.osgi.jar or its parent.
[9/5/19 9:45:38:361 IST] 0000002e m.ibm.ws.container.service.app.deploy.ManifestClassPathUtils W SRVE9967W: The manifest class path jsr173_1.0_api.jar can not be found in jar file wsjar:file:/home/tusharsharma/tushi-work/projects/mobilefirst/MobileFirstServerConfig/servers/worklight/apps/worklight-management-ui.war!/WEB-INF/lib/jaxb-impl-2.1.12.osgi.jar or its parent.
[9/5/19 9:45:38:363 IST] 0000002e m.ibm.ws.container.service.app.deploy.ManifestClassPathUtils W SRVE9967W: The manifest class path jaxb1-impl.jar can not be found in jar file wsjar:file:/home/tusharsharma/tushi-work/projects/mobilefirst/MobileFirstServerConfig/servers/worklight/apps/worklight-management-ui.war!/WEB-INF/lib/jaxb-impl-2.1.12.osgi.jar or its parent.
[9/5/19 9:45:38:863 IST] 0000002b com.ibm.ws.webcontainer.osgi.webapp.WebGroup                 I SRVE0169I: Loading Web Module: IBMJMXConnectorREST.
[9/5/19 9:45:38:868 IST] 0000002b com.ibm.ws.webcontainer                                      I SRVE0250I: Web Module IBMJMXConnectorREST has been bound to default_host.
[9/5/19 9:45:38:872 IST] 0000002b com.ibm.ws.http.internal.VirtualHostImpl                     A CWWKT0016I: Web application available (default_host): http://192.168.204.241:10080/IBMJMXConnectorREST/
[9/5/19 9:45:38:992 IST] 0000002b com.ibm.ws.jmx.connector.server.rest.RESTAppListener         I CWWKX0103I: The JMX REST connector is running and is available at the following service URL: service:jmx:rest://192.168.204.241:10443/IBMJMXConnectorREST
[9/5/19 9:45:39:134 IST] 0000002b com.ibm.ws.jmx.connector.server.rest.RESTAppListener         I CWWKX0103I: The JMX REST connector is running and is available at the following service URL: service:jmx:rest://192.168.204.241:10443/IBMJMXConnectorREST
[9/5/19 9:45:39:218 IST] 0000002d com.ibm.ws.webcontainer.osgi.webapp.WebGroup                 I SRVE0169I: Loading Web Module: analytics.
[9/5/19 9:45:39:219 IST] 0000002d com.ibm.ws.webcontainer                                      I SRVE0250I: Web Module analytics has been bound to default_host.
[9/5/19 9:45:39:220 IST] 0000002d com.ibm.ws.http.internal.VirtualHostImpl                     A CWWKT0016I: Web application available (default_host): http://192.168.204.241:10080/analytics/
[9/5/19 9:45:40:511 IST] 0000002e m.ibm.ws.container.service.app.deploy.ManifestClassPathUtils W SRVE9967W: The manifest class path jaxb-api.jar can not be found in jar file wsjar:file:/home/tusharsharma/tushi-work/projects/mobilefirst/MobileFirstServerConfig/servers/worklight/apps/worklight-management-ui.war!/WEB-INF/lib/jaxb-impl-2.1.12.osgi.jar or its parent.
[9/5/19 9:45:40:512 IST] 0000002e m.ibm.ws.container.service.app.deploy.ManifestClassPathUtils W SRVE9967W: The manifest class path activation.jar can not be found in jar file wsjar:file:/home/tusharsharma/tushi-work/projects/mobilefirst/MobileFirstServerConfig/servers/worklight/apps/worklight-management-ui.war!/WEB-INF/lib/jaxb-impl-2.1.12.osgi.jar or its parent.
[9/5/19 9:45:40:512 IST] 0000002e m.ibm.ws.container.service.app.deploy.ManifestClassPathUtils W SRVE9967W: The manifest class path jsr173_1.0_api.jar can not be found in jar file wsjar:file:/home/tusharsharma/tushi-work/projects/mobilefirst/MobileFirstServerConfig/servers/worklight/apps/worklight-management-ui.war!/WEB-INF/lib/jaxb-impl-2.1.12.osgi.jar or its parent.
[9/5/19 9:45:40:513 IST] 0000002e m.ibm.ws.container.service.app.deploy.ManifestClassPathUtils W SRVE9967W: The manifest class path jaxb1-impl.jar can not be found in jar file wsjar:file:/home/tusharsharma/tushi-work/projects/mobilefirst/MobileFirstServerConfig/servers/worklight/apps/worklight-management-ui.war!/WEB-INF/lib/jaxb-impl-2.1.12.osgi.jar or its parent.
[9/5/19 9:45:40:797 IST] 0000002d com.ibm.ws.session.WASSessionCore                            I SESN8501I: The session manager did not find a persistent storage location; HttpSession objects will be stored in the local application server's memory.
[9/5/19 9:45:40:893 IST] 0000002d com.ibm.ws.session.WASSessionCore                            I SESN0176I: A new session context will be created for application key default_host/analytics
[9/5/19 9:45:40:969 IST] 0000002d com.ibm.ws.util                                              I SESN0172I: The session manager is using the Java default SecureRandom implementation for session ID generation.
[9/5/19 9:45:41:145 IST] 0000002d com.ibm.ws.jsp                                               I JSPG8502I: The value of the JSP attribute jdkSourceLevel is "15".
[9/5/19 9:45:41:272 IST] 0000002b com.ibm.ws.session.WASSessionCore                            I SESN0176I: A new session context will be created for application key default_host/IBMJMXConnectorREST
[9/5/19 9:45:41:274 IST] 0000002b com.ibm.ws.util                                              I SESN0172I: The session manager is using the Java default SecureRandom implementation for session ID generation.
[9/5/19 9:45:41:355 IST] 0000002b com.ibm.ws.cache.CacheServiceImpl                            I DYNA1056I: Dynamic Cache (object cache) initialized successfully.
[9/5/19 9:45:41:672 IST] 0000002f m.ibm.ws.container.service.app.deploy.ManifestClassPathUtils W SRVE9967W: The manifest class path jaxb-api.jar can not be found in jar file wsjar:file:/home/tusharsharma/tushi-work/projects/mobilefirst/MobileFirstServerConfig/servers/worklight/apps/worklight-management-service.war!/WEB-INF/lib/jaxb-impl-2.1.12.osgi.jar or its parent.
[9/5/19 9:45:41:673 IST] 0000002f m.ibm.ws.container.service.app.deploy.ManifestClassPathUtils W SRVE9967W: The manifest class path activation.jar can not be found in jar file wsjar:file:/home/tusharsharma/tushi-work/projects/mobilefirst/MobileFirstServerConfig/servers/worklight/apps/worklight-management-service.war!/WEB-INF/lib/jaxb-impl-2.1.12.osgi.jar or its parent.
[9/5/19 9:45:41:676 IST] 0000002f m.ibm.ws.container.service.app.deploy.ManifestClassPathUtils W SRVE9967W: The manifest class path jsr173_1.0_api.jar can not be found in jar file wsjar:file:/home/tusharsharma/tushi-work/projects/mobilefirst/MobileFirstServerConfig/servers/worklight/apps/worklight-management-service.war!/WEB-INF/lib/jaxb-impl-2.1.12.osgi.jar or its parent.
[9/5/19 9:45:41:677 IST] 0000002f m.ibm.ws.container.service.app.deploy.ManifestClassPathUtils W SRVE9967W: The manifest class path jaxb1-impl.jar can not be found in jar file wsjar:file:/home/tusharsharma/tushi-work/projects/mobilefirst/MobileFirstServerConfig/servers/worklight/apps/worklight-management-service.war!/WEB-INF/lib/jaxb-impl-2.1.12.osgi.jar or its parent.
[9/5/19 9:45:42:956 IST] 0000002f m.ibm.ws.container.service.app.deploy.ManifestClassPathUtils W SRVE9967W: The manifest class path jaxb-api.jar can not be found in jar file wsjar:file:/home/tusharsharma/tushi-work/projects/mobilefirst/MobileFirstServerConfig/servers/worklight/apps/worklight-management-service.war!/WEB-INF/lib/jaxb-impl-2.1.12.osgi.jar or its parent.
[9/5/19 9:45:42:956 IST] 0000002f m.ibm.ws.container.service.app.deploy.ManifestClassPathUtils W SRVE9967W: The manifest class path activation.jar can not be found in jar file wsjar:file:/home/tusharsharma/tushi-work/projects/mobilefirst/MobileFirstServerConfig/servers/worklight/apps/worklight-management-service.war!/WEB-INF/lib/jaxb-impl-2.1.12.osgi.jar or its parent.
[9/5/19 9:45:42:957 IST] 0000002f m.ibm.ws.container.service.app.deploy.ManifestClassPathUtils W SRVE9967W: The manifest class path jsr173_1.0_api.jar can not be found in jar file wsjar:file:/home/tusharsharma/tushi-work/projects/mobilefirst/MobileFirstServerConfig/servers/worklight/apps/worklight-management-service.war!/WEB-INF/lib/jaxb-impl-2.1.12.osgi.jar or its parent.
[9/5/19 9:45:42:957 IST] 0000002f m.ibm.ws.container.service.app.deploy.ManifestClassPathUtils W SRVE9967W: The manifest class path jaxb1-impl.jar can not be found in jar file wsjar:file:/home/tusharsharma/tushi-work/projects/mobilefirst/MobileFirstServerConfig/servers/worklight/apps/worklight-management-service.war!/WEB-INF/lib/jaxb-impl-2.1.12.osgi.jar or its parent.
[9/5/19 9:45:44:732 IST] 0000002e com.ibm.ws.webcontainer.osgi.webapp.WebGroup                 I SRVE0169I: Loading Web Module: Worklight Console.
[9/5/19 9:45:44:732 IST] 0000002e com.ibm.ws.webcontainer                                      I SRVE0250I: Web Module Worklight Console has been bound to default_host.
[9/5/19 9:45:44:732 IST] 0000002e com.ibm.ws.http.internal.VirtualHostImpl                     A CWWKT0016I: Web application available (default_host): http://192.168.204.241:10080/worklightconsole/
[9/5/19 9:45:44:882 IST] 0000002e com.ibm.ws.session.WASSessionCore                            I SESN0176I: A new session context will be created for application key default_host/worklightconsole
[9/5/19 9:45:44:892 IST] 0000002e com.ibm.ws.util                                              I SESN0172I: The session manager is using the Java default SecureRandom implementation for session ID generation.
[9/5/19 9:45:44:897 IST] 0000002e com.ibm.ws.jsp                                               I JSPG8502I: The value of the JSP attribute jdkSourceLevel is "15".
[9/5/19 9:45:45:041 IST] 0000002e com.ibm.ws.webcontainer.servlet                              I SRVE0242I: [WorklightConsole] [/worklightconsole] [servicesServlet]: Initialization successful.
[9/5/19 9:45:45:046 IST] 0000002e com.ibm.ws.webcontainer.servlet                              I SRVE0242I: [WorklightConsole] [/worklightconsole] [localeServlet]: Initialization successful.
[9/5/19 9:45:45:082 IST] 0000002b apache.wink.server.internal.application.ApplicationProcessor I The following JAX-RS application has been processed: com.ibm.ws.jaxrs.webcontainer.JAXRSDefaultApplicationSubclassProxy
[9/5/19 9:45:45:084 IST] 0000002b org.apache.wink.server.internal.log.Resources                I The server has registered the JAX-RS resource class com.ibm.ws.jmx.connector.server.rest.resources.FileTransferRouterResource with @Path(/fileTransfer/router/{filePath}).
[9/5/19 9:45:45:085 IST] 0000002b org.apache.wink.server.internal.log.Resources                I The server has registered the JAX-RS resource class com.ibm.ws.jmx.connector.server.rest.resources.AttributeResource with @Path(/mbeans/{objectName}/attributes).
[9/5/19 9:45:45:085 IST] 0000002b org.apache.wink.server.internal.log.Resources                I The server has registered the JAX-RS resource class com.ibm.ws.jmx.connector.server.rest.resources.FileCollectionResource with @Path(/file/collection).
[9/5/19 9:45:45:085 IST] 0000002b org.apache.wink.server.internal.log.Resources                I The server has registered the JAX-RS resource class com.ibm.ws.jmx.connector.server.rest.resources.FileTransferResource with @Path(/fileTransfer/{filePath}).
[9/5/19 9:45:45:085 IST] 0000002b org.apache.wink.server.internal.log.Resources                I The server has registered the JAX-RS resource class com.ibm.ws.jmx.connector.server.rest.resources.NotificationResource with @Path(/notifications).
[9/5/19 9:45:45:086 IST] 0000002b org.apache.wink.server.internal.log.Resources                I The server has registered the JAX-RS resource class com.ibm.ws.jmx.connector.server.rest.resources.FileStatusResource with @Path(/file/status).
[9/5/19 9:45:45:086 IST] 0000002b org.apache.wink.server.internal.log.Resources                I The server has registered the JAX-RS resource class com.ibm.ws.jmx.connector.server.rest.resources.MBeanResource with @Path(/mbeans).
[9/5/19 9:45:45:086 IST] 0000002b org.apache.wink.server.internal.log.Resources                I The server has registered the JAX-RS resource class com.ibm.ws.jmx.connector.server.rest.resources.MBeanRouterResource with @Path(/router).
[9/5/19 9:45:45:086 IST] 0000002b org.apache.wink.server.internal.log.Resources                I The server has registered the JAX-RS resource class com.ibm.ws.jmx.connector.server.rest.resources.FileResource with @Path(/file/{filePath}).
[9/5/19 9:45:45:089 IST] 0000002b org.apache.wink.server.internal.log.Resources                I The server has registered the JAX-RS resource class com.ibm.ws.jmx.connector.server.rest.resources.JMXResource with @Path().
[9/5/19 9:45:45:092 IST] 0000002b org.apache.wink.server.internal.log.Providers                I The class com.ibm.ws.jmx.connector.server.rest.providers.JSONErrorOutputStreamProvider was registered as a JAX-RS MessageBodyWriter provider for com.ibm.ws.jmx.connector.server.rest.providers.JSONErrorOutputStream Java types and application/json media types.
[9/5/19 9:45:45:345 IST] 0000002e com.ibm.ws.app.manager.AppMessageHelper                      A CWWKZ0001I: Application WorklightConsole started in 9.080 seconds.
[9/5/19 9:45:45:951 IST] 0000002d com.ibm.ws.webcontainer.servlet                              I SRVE0242I: [AnalyticsUI] [/analytics] [servicesServlet]: Initialization successful.
[9/5/19 9:45:45:989 IST] 0000002d com.ibm.ws.webcontainer.servlet                              I SRVE0242I: [AnalyticsUI] [/analytics] [utilityServlet]: Initialization successful.
[9/5/19 9:45:46:015 IST] 0000002d com.ibm.ws.app.manager.AppMessageHelper                      A CWWKZ0001I: Application AnalyticsUI started in 9.755 seconds.
[9/5/19 9:45:46:673 IST] 0000002c m.ibm.ws.container.service.app.deploy.ManifestClassPathUtils W SRVE9967W: The manifest class path xercesImpl.jar can not be found in jar file wsjar:file:/home/tusharsharma/tushi-work/projects/mobilefirst/MobileFirstServerConfig/servers/worklight/apps/analytics-service.war!/WEB-INF/lib/xalan-2.7.2.jar or its parent.
[9/5/19 9:45:46:674 IST] 0000002c m.ibm.ws.container.service.app.deploy.ManifestClassPathUtils W SRVE9967W: The manifest class path xml-apis.jar can not be found in jar file wsjar:file:/home/tusharsharma/tushi-work/projects/mobilefirst/MobileFirstServerConfig/servers/worklight/apps/analytics-service.war!/WEB-INF/lib/xalan-2.7.2.jar or its parent.
[9/5/19 9:45:46:674 IST] 0000002c m.ibm.ws.container.service.app.deploy.ManifestClassPathUtils W SRVE9967W: The manifest class path serializer.jar can not be found in jar file wsjar:file:/home/tusharsharma/tushi-work/projects/mobilefirst/MobileFirstServerConfig/servers/worklight/apps/analytics-service.war!/WEB-INF/lib/xalan-2.7.2.jar or its parent.
[9/5/19 9:45:46:934 IST] 0000002c m.ibm.ws.container.service.app.deploy.ManifestClassPathUtils W SRVE9967W: The manifest class path xml-apis.jar can not be found in jar file wsjar:file:/home/tusharsharma/tushi-work/projects/mobilefirst/MobileFirstServerConfig/servers/worklight/apps/analytics-service.war!/WEB-INF/lib/serializer-2.7.2.jar or its parent.
[9/5/19 9:45:47:156 IST] 0000002b com.ibm.ws.webcontainer.servlet                              I SRVE0242I: [com.ibm.ws.jmx.connector.server.rest] [/IBMJMXConnectorREST] [MBeanServerConnector]: Initialization successful.
[9/5/19 9:45:47:796 IST] 0000002c m.ibm.ws.container.service.app.deploy.ManifestClassPathUtils W SRVE9967W: The manifest class path xercesImpl.jar can not be found in jar file wsjar:file:/home/tusharsharma/tushi-work/projects/mobilefirst/MobileFirstServerConfig/servers/worklight/apps/analytics-service.war!/WEB-INF/lib/xalan-2.7.2.jar or its parent.
[9/5/19 9:45:47:796 IST] 0000002c m.ibm.ws.container.service.app.deploy.ManifestClassPathUtils W SRVE9967W: The manifest class path xml-apis.jar can not be found in jar file wsjar:file:/home/tusharsharma/tushi-work/projects/mobilefirst/MobileFirstServerConfig/servers/worklight/apps/analytics-service.war!/WEB-INF/lib/xalan-2.7.2.jar or its parent.
[9/5/19 9:45:47:800 IST] 0000002c m.ibm.ws.container.service.app.deploy.ManifestClassPathUtils W SRVE9967W: The manifest class path serializer.jar can not be found in jar file wsjar:file:/home/tusharsharma/tushi-work/projects/mobilefirst/MobileFirstServerConfig/servers/worklight/apps/analytics-service.war!/WEB-INF/lib/xalan-2.7.2.jar or its parent.
[9/5/19 9:45:47:813 IST] 0000002c m.ibm.ws.container.service.app.deploy.ManifestClassPathUtils W SRVE9967W: The manifest class path xml-apis.jar can not be found in jar file wsjar:file:/home/tusharsharma/tushi-work/projects/mobilefirst/MobileFirstServerConfig/servers/worklight/apps/analytics-service.war!/WEB-INF/lib/serializer-2.7.2.jar or its parent.
[9/5/19 9:45:47:854 IST] 0000002c com.ibm.ws.webcontainer.osgi.webapp.WebGroup                 I SRVE0169I: Loading Web Module: analytics.
[9/5/19 9:45:47:854 IST] 0000002c com.ibm.ws.webcontainer                                      I SRVE0250I: Web Module analytics has been bound to default_host.
[9/5/19 9:45:47:855 IST] 0000002c com.ibm.ws.http.internal.VirtualHostImpl                     A CWWKT0016I: Web application available (default_host): http://192.168.204.241:10080/analytics-service/
[9/5/19 9:45:47:857 IST] 0000002c com.ibm.ws.session.WASSessionCore                            I SESN0176I: A new session context will be created for application key default_host/analytics-service
[9/5/19 9:45:47:857 IST] 0000002c com.ibm.ws.util                                              I SESN0172I: The session manager is using the Java default SecureRandom implementation for session ID generation.
[9/5/19 9:45:47:866 IST] 0000002c com.ibm.ws.jsp                                               I JSPG8502I: The value of the JSP attribute jdkSourceLevel is "15".
[9/5/19 9:45:49:482 IST] 0000002f com.ibm.ws.webcontainer.osgi.webapp.WebGroup                 I SRVE0169I: Loading Web Module: Worklight Administration Services.
[9/5/19 9:45:49:482 IST] 0000002f com.ibm.ws.webcontainer                                      I SRVE0250I: Web Module Worklight Administration Services has been bound to default_host.
[9/5/19 9:45:49:482 IST] 0000002f com.ibm.ws.http.internal.VirtualHostImpl                     A CWWKT0016I: Web application available (default_host): http://192.168.204.241:10080/worklightadmin/
[9/5/19 9:45:49:577 IST] 0000002f com.ibm.ws.injectionengine.AbstractInjectionEngine           W CWNEN0070W: The javax.ws.rs.QueryParam annotation class will not be recognized because it was loaded from the null location rather than from a product class loader.
[9/5/19 9:45:49:654 IST] 0000002f com.ibm.ws.injectionengine.AbstractInjectionEngine           W CWNEN0070W: The javax.ws.rs.HeaderParam annotation class will not be recognized because it was loaded from the null location rather than from a product class loader.
[9/5/19 9:45:49:655 IST] 0000002f com.ibm.ws.injectionengine.AbstractInjectionEngine           W CWNEN0070W: The javax.ws.rs.PathParam annotation class will not be recognized because it was loaded from the null location rather than from a product class loader.
[9/5/19 9:45:49:657 IST] 0000002f com.ibm.ws.injectionengine.AbstractInjectionEngine           W CWNEN0070W: The javax.ws.rs.core.Context annotation class will not be recognized because it was loaded from the null location rather than from a product class loader.
[9/5/19 9:45:49:658 IST] 0000002f com.ibm.ws.injectionengine.AbstractInjectionEngine           W CWNEN0070W: The javax.ws.rs.MatrixParam annotation class will not be recognized because it was loaded from the null location rather than from a product class loader.
[9/5/19 9:45:49:663 IST] 0000002f com.ibm.ws.injectionengine.AbstractInjectionEngine           W CWNEN0070W: The javax.ws.rs.CookieParam annotation class will not be recognized because it was loaded from the null location rather than from a product class loader.
[9/5/19 9:45:49:767 IST] 0000002f com.ibm.ws.session.WASSessionCore                            I SESN0176I: A new session context will be created for application key default_host/worklightadmin
[9/5/19 9:45:49:767 IST] 0000002f com.ibm.ws.util                                              I SESN0172I: The session manager is using the Java default SecureRandom implementation for session ID generation.
[9/5/19 9:45:49:768 IST] 0000002f com.ibm.ws.jsp                                               I JSPG8502I: The value of the JSP attribute jdkSourceLevel is "15".
[9/5/19 9:45:50:267 IST] 0000002f com.ibm.ws.webcontainer.webapp                               I SRVE0292I: Servlet Message - [worklight-management-service]:.No Spring WebApplicationInitializer types detected on classpath
[9/5/19 9:45:50:378 IST] 0000002f com.ibm.ws.webcontainer.webapp                               I SRVE0292I: Servlet Message - [worklight-management-service]:.Initializing Spring root WebApplicationContext
[9/5/19 9:45:50:379 IST] 0000002f org.springframework.web.context.ContextLoader                I Root WebApplicationContext: initialization started
[9/5/19 9:45:50:548 IST] 0000002f springframework.web.context.support.XmlWebApplicationContext I Refreshing Root WebApplicationContext: startup date [Thu Sep 05 09:45:50 IST 2019]; root of context hierarchy
[9/5/19 9:45:50:658 IST] 0000002f rg.springframework.beans.factory.xml.XmlBeanDefinitionReader I Loading XML bean definitions from ServletContext resource [/WEB-INF/spring-management-service.xml]
[9/5/19 9:45:50:960 IST] 0000002f ngframework.beans.factory.support.DefaultListableBeanFactory I Pre-instantiating singletons in org.springframework.beans.factory.support.DefaultListableBeanFactory@5df999c8: defining beans [registrationServiceFactory]; root of factory hierarchy
[9/5/19 9:45:51:146 IST] 0000002f com.ibm.worklight.admin.common.util.ContextPropertyUtil      I Resource conf/jndi/default.properties not found. This is not an error. Context path is /worklightadmin
[9/5/19 9:45:51:149 IST] 0000002f com.ibm.worklight.admin.datastore.DataStoreUtil              I Read properties file. allProperties: {ibm.worklight.admin.db.jndi.name=java:comp/env/jdbc/WorklightAdminDS}
[9/5/19 9:45:51:206 IST] 0000002f com.ibm.worklight.admin.datastore.DataStoreUtil              I Handling propName=ibm.worklight.admin.db.jndi.name propValue=java:comp/env/jdbc/WorklightAdminDS
[9/5/19 9:45:51:207 IST] 0000002f com.ibm.worklight.admin.datastore.DataStoreUtil              I Handling propName=ibm.worklight.admin.db.openjpa.Log propValue=
[9/5/19 9:45:51:207 IST] 0000002f com.ibm.worklight.admin.datastore.DataStoreUtil              I Handling propName=ibm.worklight.admin.db.type propValue=
[9/5/19 9:45:54:755 IST] 0000002f com.ibm.ws.recoverylog.spi.RecoveryDirectorImpl              I CWRLS0010I: Performing recovery processing for local WebSphere server (Cell\Node\Server).
[9/5/19 9:45:54:888 IST] 00000037 com.ibm.ws.recoverylog.spi.LogHandle                         I CWRLS0007I: No existing recovery log files found in /home/tusharsharma/tushi-work/projects/mobilefirst/MobileFirstServerConfig/servers/worklight/tranlog//tranlog. Cold starting the recovery log.
[9/5/19 9:45:54:889 IST] 00000037 com.ibm.ws.recoverylog.spi.LogFileHandle                     I CWRLS0006I: Creating new recovery log file /home/tusharsharma/tushi-work/projects/mobilefirst/MobileFirstServerConfig/servers/worklight/tranlog//tranlog/log1.
[9/5/19 9:45:55:008 IST] 00000037 com.ibm.ws.recoverylog.spi.LogFileHandle                     I CWRLS0006I: Creating new recovery log file /home/tusharsharma/tushi-work/projects/mobilefirst/MobileFirstServerConfig/servers/worklight/tranlog//tranlog/log2.
[9/5/19 9:45:55:157 IST] 00000037 com.ibm.ws.recoverylog.spi.LogHandle                         I CWRLS0007I: No existing recovery log files found in /home/tusharsharma/tushi-work/projects/mobilefirst/MobileFirstServerConfig/servers/worklight/tranlog//partnerlog. Cold starting the recovery log.
[9/5/19 9:45:55:157 IST] 00000037 com.ibm.ws.recoverylog.spi.LogFileHandle                     I CWRLS0006I: Creating new recovery log file /home/tusharsharma/tushi-work/projects/mobilefirst/MobileFirstServerConfig/servers/worklight/tranlog//partnerlog/log1.
[9/5/19 9:45:55:275 IST] 00000037 com.ibm.ws.recoverylog.spi.LogFileHandle                     I CWRLS0006I: Creating new recovery log file /home/tusharsharma/tushi-work/projects/mobilefirst/MobileFirstServerConfig/servers/worklight/tranlog//partnerlog/log2.
[9/5/19 9:45:55:942 IST] 0000002f com.ibm.ws.recoverylog.spi.RecoveryDirectorImpl              I CWRLS0012I: All persistent services have been directed to perform recovery processing for this WebSphere server (Cell\Node\Server).
[9/5/19 9:45:55:942 IST] 00000037 com.ibm.tx.jta.impl.RecoveryManager                          I WTRN0135I: Transaction service recovering no transactions.
[9/5/19 9:46:06:226 IST] 0000001b com.ibm.ws.kernel.feature.internal.FeatureManager            A CWWKF0012I: The server installed the following features: [servlet-3.0, jsp-2.2, ssl-1.0, jndi-1.0, appSecurity-1.0, localConnector-1.0, jdbc-4.0, appSecurity-2.0, jaxrs-1.1, restConnector-1.0, ldapRegistry-3.0, json-1.0, distributedMap-1.0].
[9/5/19 9:46:06:226 IST] 0000001b com.ibm.ws.kernel.feature.internal.FeatureManager            I CWWKF0008I: Feature update completed in 38.399 seconds.
[9/5/19 9:46:06:227 IST] 0000001b com.ibm.ws.kernel.feature.internal.FeatureManager            A CWWKF0011I: The server worklight is ready to run a smarter planet.
[9/5/19 9:46:06:268 IST] 00000017 com.ibm.ws.app.manager.AppMessageHelper                      A CWWKZ0022W: Application AnalyticsServices has not started in 30.008 seconds.
[9/5/19 9:46:06:270 IST] 0000001a com.ibm.ws.app.manager.AppMessageHelper                      A CWWKZ0022W: Application WorklightServices has not started in 30.001 seconds.
[9/5/19 9:46:07:541 IST] 0000002f com.ibm.ws.rsadapter.spi.InternalGenericDataStoreHelper      I DSRA8203I: Database product name : Apache Derby
[9/5/19 9:46:07:570 IST] 0000002f com.ibm.ws.rsadapter.spi.InternalGenericDataStoreHelper      I DSRA8204I: Database product version : 10.8.2.2 - (1181258)
[9/5/19 9:46:07:570 IST] 0000002f com.ibm.ws.rsadapter.spi.InternalGenericDataStoreHelper      I DSRA8205I: JDBC driver name  : Apache Derby Embedded JDBC Driver
[9/5/19 9:46:07:570 IST] 0000002f com.ibm.ws.rsadapter.spi.InternalGenericDataStoreHelper      I DSRA8206I: JDBC driver version  : 10.8.2.2 - (1181258)
[9/5/19 9:46:07:932 IST] 0000002f com.ibm.worklight.admin.jpa.datastore.JPAStore               I Creating EntityManagerFactory for persistence-unit=WorklightManagementPU-derby with properties: {openjpa.ConnectionFactory=com.ibm.ws.rsadapter.jdbc.WSJdbcDataSource@63558b42, openjpa.jdbc.SynchronizeMappings=buildSchema(SchemaAction='add'), openjpa.ProxyManager=com.ibm.worklight.admin.jpa.CustomProxyManager}
[9/5/19 9:46:10:878 IST] 0000002f com.worklight.common.util.JNDIUtils                          I Resource conf/jndi/default.properties not found. This is not an error. Context path is __globalscope__
[9/5/19 9:46:11:249 IST] 0000002f com.worklight.common.util.jmx.LibertyJMXRegister             I FWLSE2008I: MBean registration succeeded for: com.worklight.common.server.jmx.api:type=WorklightAdmin,qualifier=worklightadmin
[9/5/19 9:46:11:259 IST] 0000002f SystemErr                                                    R 607  WorklightManagementPU-derby  INFO   [LargeThreadPool-thread-13] openjpa.Runtime - Starting OpenJPA 1.2.2
[9/5/19 9:46:11:528 IST] 0000002f SystemErr                                                    R 877  WorklightManagementPU-derby  INFO   [LargeThreadPool-thread-13] openjpa.jdbc.JDBC - Using dictionary class "org.apache.openjpa.jdbc.sql.DerbyDictionary" (Apache Derby 10.8.2.2 - (1181258) ,Apache Derby Embedded JDBC Driver 10.8.2.2 - (1181258)).
[9/5/19 9:46:15:493 IST] 0000002f SystemErr                                                    R 4842  WorklightManagementPU-derby  INFO   [LargeThreadPool-thread-13] openjpa.Runtime - Though you are using optimistic transactions, OpenJPA is now beginning a datastore transaction because you have requested a lock on some data.
[9/5/19 9:46:15:561 IST] 0000002f org.springframework.web.context.ContextLoader                I Root WebApplicationContext: initialization completed in 25182 ms
[9/5/19 9:46:15:586 IST] 0000002f ht.admin.listeners.WorklightManagementServletContextListener I MobileFirst Administration Services servlet context listener initialized
[9/5/19 9:46:15:586 IST] 0000002f ht.admin.listeners.WorklightManagementServletContextListener I FWLSE3199I: ========= MobileFirst Administration Services version 7.1.0.00-20190704-0841 started.
[9/5/19 9:46:15:652 IST] 0000002f org.apache.wink.server.internal.servlet.RestServlet          I The system is using the com.ibm.worklight.admin.services.ManagementServiceServlet JAX-RS application class that is named in the javax.ws.rs.Application init-param initialization parameter.
[9/5/19 9:46:15:760 IST] 0000002f apache.wink.server.internal.application.ApplicationProcessor I The following JAX-RS application has been processed: com.ibm.worklight.admin.services.ManagementServiceServlet
[9/5/19 9:46:15:762 IST] 0000002f org.apache.wink.server.internal.log.Resources                I The server has registered the JAX-RS resource class com.ibm.worklight.admin.services.ManagementService with @Path(/).
[9/5/19 9:46:15:766 IST] 0000002f org.apache.wink.server.internal.log.Providers                I The class com.ibm.worklight.admin.util.ByteArrayWorkaroundProvider was registered as a JAX-RS MessageBodyReader provider for com.ibm.worklight.admin.util.ByteArrayWorkaround Java types and */* media types.
[9/5/19 9:46:15:767 IST] 0000002f org.apache.wink.server.internal.log.Providers                I The class com.ibm.worklight.admin.util.ByteArrayWorkaroundProvider was registered as a JAX-RS MessageBodyWriter provider for com.ibm.worklight.admin.util.ByteArrayWorkaround Java types and */* media types.
[9/5/19 9:46:15:994 IST] 0000002f com.ibm.ws.webcontainer.servlet                              I SRVE0242I: [WorklightServices] [/worklightadmin] [ManagementServlet]: Initialization successful.
[9/5/19 9:46:16:001 IST] 0000002f com.ibm.ws.app.manager.AppMessageHelper                      A CWWKZ0001I: Application WorklightServices started in 39.732 seconds.
[9/5/19 9:46:16:627 IST] 0000003c SystemErr                                                    R 6054  WorklightManagementPU-derby  INFO   [LargeThreadPool-thread-17] openjpa.Runtime - Starting OpenJPA 1.2.2
[9/5/19 9:46:16:638 IST] 0000003c SystemErr                                                    R 6065  WorklightManagementPU-derby  INFO   [LargeThreadPool-thread-17] openjpa.jdbc.JDBC - Using dictionary class "org.apache.openjpa.jdbc.sql.DerbyDictionary" (Apache Derby 10.8.2.2 - (1181258) ,Apache Derby Embedded JDBC Driver 10.8.2.2 - (1181258)).
[9/5/19 9:46:16:980 IST] 0000003c com.worklight.common.util.jmx.LibertyRuntimeMBeanHandler     I Establishing REST connection to service:jmx:rest://localhost:10443/IBMJMXConnectorREST
[9/5/19 9:46:17:018 IST] 0000003c jmx.connector.client.rest.internal.RESTMBeanServerConnection I Value of retry post was already set: false
[9/5/19 9:46:18:249 IST] 0000003c com.worklight.common.util.jmx.LibertyRuntimeMBeanHandler     I Successful REST connection to service:jmx:rest://localhost:10443/IBMJMXConnectorREST
[9/5/19 9:46:18:856 IST] 0000003c com.worklight.common.util.jmx.LibertyRuntimeMBeanHandler     I Bean '*' does not exist.
[9/5/19 9:46:18:857 IST] 0000003c com.ibm.worklight.admin.services.RuntimeService              I No mxbeans found
[9/5/19 9:46:21:412 IST] 0000002c com.ibm.mobile.analytics.server.util.DatastoreUtility        I JNDI property: datastore_type has not been set. Datastore is defaulting to elasticsearch_local
[9/5/19 9:46:21:461 IST] 0000002c org.apache.wink.server.internal.servlet.RestServlet          I The system is using the com.ibm.mobile.analytics.server.servlet.ElasticApplication JAX-RS application class that is named in the javax.ws.rs.Application init-param initialization parameter.
[9/5/19 9:46:22:447 IST] 0000002c apache.wink.server.internal.application.ApplicationProcessor I The following JAX-RS application has been processed: com.ibm.mobile.analytics.server.servlet.ElasticApplication
[9/5/19 9:46:22:447 IST] 0000002c org.apache.wink.server.internal.log.Resources                I The server has registered the JAX-RS resource class com.ibm.mobile.analytics.server.rest.AdministrationResource with @Path(/administration/apps/{appId}).
[9/5/19 9:46:22:447 IST] 0000002c org.apache.wink.server.internal.log.Resources                I The server has registered the JAX-RS resource class com.ibm.mobile.analytics.server.alert.elasticsearch.NotificationsResource with @Path(/notifications/apps/{appId}).
[9/5/19 9:46:22:447 IST] 0000002c org.apache.wink.server.internal.log.Resources                I The server has registered the JAX-RS resource class com.ibm.mobile.analytics.server.custom.elasticsearch.CustomChartsManager with @Path(/customCharts/apps/{appId}).
[9/5/19 9:46:22:448 IST] 0000002c org.apache.wink.server.internal.log.Resources                I The server has registered the JAX-RS resource class com.ibm.mobile.analytics.server.loadtesting.LoadTesting with @Path(/loadTesting/apps/{appId}).
[9/5/19 9:46:22:448 IST] 0000002c org.apache.wink.server.internal.log.Resources                I The server has registered the JAX-RS resource class com.ibm.mobile.analytics.server.rest.DashboardResource with @Path(/dashboard/apps/{appId}).
[9/5/19 9:46:22:448 IST] 0000002c org.apache.wink.server.internal.log.Resources                I The server has registered the JAX-RS resource class com.ibm.mobile.analytics.server.rest.SecurityResource with @Path(/security/apps/{appId}).
[9/5/19 9:46:22:449 IST] 0000002c org.apache.wink.server.internal.log.Resources                I The server has registered the JAX-RS resource class com.ibm.mobile.analytics.server.rest.AdaptersResource with @Path(/adapters/apps/{appId}).
[9/5/19 9:46:22:449 IST] 0000002c org.apache.wink.server.internal.log.Resources                I The server has registered the JAX-RS resource class com.ibm.mobile.analytics.server.rest.ServersResource with @Path(/servers/apps/{appId}).
[9/5/19 9:46:22:449 IST] 0000002c org.apache.wink.server.internal.log.Resources                I The server has registered the JAX-RS resource class com.ibm.mobile.analytics.server.rest.NetworkResource with @Path(/network/apps/{appId}).
[9/5/19 9:46:22:449 IST] 0000002c org.apache.wink.server.internal.log.Resources                I The server has registered the JAX-RS resource class com.ibm.mobile.analytics.server.rest.DevicesResource with @Path(/devices/apps/{appId}).
[9/5/19 9:46:22:449 IST] 0000002c org.apache.wink.server.internal.log.Resources                I The server has registered the JAX-RS resource class com.ibm.mobile.analytics.server.custom.elasticsearch.CustomCharts with @Path(/custom/apps/{appId}).
[9/5/19 9:46:22:449 IST] 0000002c org.apache.wink.server.internal.log.Resources                I The server has registered the JAX-RS resource class com.ibm.mobile.analytics.server.rest.SearchResource with @Path(/search/apps/{appId}).
[9/5/19 9:46:22:450 IST] 0000002c org.apache.wink.server.internal.log.Resources                I The server has registered the JAX-RS resource class com.ibm.mobile.analytics.server.rest.CommonResource with @Path(/common/apps/{appId}).
[9/5/19 9:46:22:450 IST] 0000002c org.apache.wink.server.internal.log.Resources                I The server has registered the JAX-RS resource class com.ibm.mobile.analytics.server.alert.elasticsearch.AlertsResource with @Path(/alerts/apps/{appId}).
[9/5/19 9:46:22:450 IST] 0000002c org.apache.wink.server.internal.log.Resources                I The server has registered the JAX-RS resource class com.ibm.mobile.analytics.server.rest.PushResource with @Path(/push/apps/{appId}).
[9/5/19 9:46:22:450 IST] 0000002c org.apache.wink.server.internal.log.Resources                I The server has registered the JAX-RS resource class com.wordnik.swagger.jaxrs.listing.ApiListingResourceJSON with @Path(/api-docs).
[9/5/19 9:46:22:450 IST] 0000002c org.apache.wink.server.internal.log.Resources                I The server has registered the JAX-RS resource class com.ibm.mobile.analytics.server.rest.IndexManagerResource with @Path(/indices).
[9/5/19 9:46:22:450 IST] 0000002c org.apache.wink.server.internal.log.Resources                I The server has registered the JAX-RS resource class com.ibm.mobile.analytics.server.servlet.DataReceiver with @Path(/).
[9/5/19 9:46:22:451 IST] 0000002c org.apache.wink.server.internal.log.Providers                I The class com.ibm.mobile.analytics.server.servlet.CustomParametersProvider was registered as a JAX-RS MessageBodyReader provider for com.ibm.mobile.analytics.server.rest.params.CustomParameters Java types and application/json media types.
[9/5/19 9:46:22:451 IST] 0000002c org.apache.wink.server.internal.log.Providers                I The class com.ibm.mobile.analytics.server.servlet.EventReportProvider was registered as a JAX-RS MessageBodyReader provider for com.ibm.mobile.analytics.sdk.model.EventReport Java types and application/json media types.
[9/5/19 9:46:22:451 IST] 0000002c org.apache.wink.server.internal.log.Providers                I The class com.ibm.mobile.analytics.server.servlet.AlertDefinitionProvider was registered as a JAX-RS MessageBodyReader provider for com.ibm.mobile.analytics.sdk.model.AlertDefinition Java types and application/json media types.
[9/5/19 9:46:22:455 IST] 0000002c org.apache.wink.server.internal.log.Providers                I The class com.ibm.mobile.analytics.server.servlet.EventReportListProvider was registered as a JAX-RS MessageBodyReader provider for java.util.List Java types and application/json media types.
[9/5/19 9:46:22:456 IST] 0000002c org.apache.wink.server.internal.log.Providers                I The class com.wordnik.swagger.jaxrs.listing.ApiDeclarationProvider was registered as a JAX-RS MessageBodyWriter provider for com.wordnik.swagger.model.ApiListing Java types and application/json media types.
[9/5/19 9:46:22:456 IST] 0000002c org.apache.wink.server.internal.log.Providers                I The class com.wordnik.swagger.jaxrs.listing.ResourceListingProvider was registered as a JAX-RS MessageBodyWriter provider for com.wordnik.swagger.model.ResourceListing Java types and application/json media types.
[9/5/19 9:46:22:456 IST] 0000002c org.apache.wink.server.internal.log.Providers                I The class com.wordnik.swagger.jaxrs.listing.ApiDeclarationProvider was registered as a JAX-RS MessageBodyWriter provider for com.wordnik.swagger.model.ApiListing Java types and application/xml media types.
[9/5/19 9:46:22:456 IST] 0000002c org.apache.wink.server.internal.log.Providers                I The class com.wordnik.swagger.jaxrs.listing.ResourceListingProvider was registered as a JAX-RS MessageBodyWriter provider for com.wordnik.swagger.model.ResourceListing Java types and application/xml media types.
[9/5/19 9:46:22:568 IST] 0000002c com.ibm.ws.webcontainer.servlet                              I SRVE0242I: [AnalyticsServices] [/analytics-service] [data]: Initialization successful.
[9/5/19 9:46:22:571 IST] 0000002c org.apache.wink.server.internal.servlet.RestServlet          I The system is using the com.ibm.mobile.analytics.server.servlet.ElasticApplicationV2 JAX-RS application class that is named in the javax.ws.rs.Application init-param initialization parameter.
[9/5/19 9:46:22:634 IST] 0000002c apache.wink.server.internal.application.ApplicationProcessor I The following JAX-RS application has been processed: com.ibm.mobile.analytics.server.servlet.ElasticApplicationV2
[9/5/19 9:46:22:635 IST] 0000002c org.apache.wink.server.internal.log.Resources                I The server has registered the JAX-RS resource class com.ibm.mobile.analytics.server.servlet.DataReceiverV2 with @Path(/).
[9/5/19 9:46:22:635 IST] 0000002c org.apache.wink.server.internal.log.Providers                I The class com.ibm.mobile.analytics.server.servlet.CustomParametersProvider was registered as a JAX-RS MessageBodyReader provider for com.ibm.mobile.analytics.server.rest.params.CustomParameters Java types and application/json media types.
[9/5/19 9:46:22:635 IST] 0000002c org.apache.wink.server.internal.log.Providers                I The class com.ibm.mobile.analytics.server.servlet.EventReportProvider was registered as a JAX-RS MessageBodyReader provider for com.ibm.mobile.analytics.sdk.model.EventReport Java types and application/json media types.
[9/5/19 9:46:22:637 IST] 0000002c org.apache.wink.server.internal.log.Providers                I The class com.ibm.mobile.analytics.server.servlet.EventReportListProvider was registered as a JAX-RS MessageBodyReader provider for java.util.List Java types and application/json media types.
[9/5/19 9:46:22:645 IST] 0000002c com.ibm.ws.webcontainer.servlet                              I SRVE0242I: [AnalyticsServices] [/analytics-service] [datav2]: Initialization successful.
[9/5/19 9:46:25:759 IST] 00000018 com.ibm.ws.config.xml.internal.ConfigRefresher               A CWWKG0016I: Starting server configuration update.
[9/5/19 9:46:25:821 IST] 00000018 com.ibm.ws.config.xml.internal.ConfigRefresher               A CWWKG0018I: The server configuration was not updated. No functional changes were detected.
[9/5/19 9:46:27:024 IST] 00000018 com.ibm.ws.config.xml.internal.ConfigRefresher               A CWWKG0016I: Starting server configuration update.
[9/5/19 9:46:27:136 IST] 00000052 com.ibm.ws.config.xml.internal.ConfigRefresher               A CWWKG0017I: The server configuration was successfully updated in 0.112 seconds.
[9/5/19 9:46:27:143 IST] 00000055 com.ibm.ws.app.manager.AppMessageHelper                      I CWWKZ0018I: Starting application _MobileBrowserSimulator.
[9/5/19 9:46:27:215 IST] 00000055 com.ibm.ws.webcontainer.osgi.webapp.WebGroup                 I SRVE0169I: Loading Web Module: _MobileBrowserSimulator.
[9/5/19 9:46:27:216 IST] 00000055 com.ibm.ws.webcontainer                                      I SRVE0250I: Web Module _MobileBrowserSimulator has been bound to default_host.
[9/5/19 9:46:27:216 IST] 00000055 com.ibm.ws.http.internal.VirtualHostImpl                     A CWWKT0016I: Web application available (default_host): http://192.168.204.241:10080/_MobileBrowserSimulator/
[9/5/19 9:46:27:217 IST] 00000055 com.ibm.ws.session.WASSessionCore                            I SESN0176I: A new session context will be created for application key default_host/_MobileBrowserSimulator
[9/5/19 9:46:27:217 IST] 00000055 com.ibm.ws.util                                              I SESN0172I: The session manager is using the Java default SecureRandom implementation for session ID generation.
[9/5/19 9:46:27:228 IST] 00000055 com.ibm.ws.jsp                                               I JSPG8502I: The value of the JSP attribute jdkSourceLevel is "15".
[9/5/19 9:46:27:236 IST] 00000055 com.ibm.ws.app.manager.AppMessageHelper                      A CWWKZ0001I: Application _MobileBrowserSimulator started in 0.093 seconds.
[9/5/19 9:46:27:807 IST] 0000001a com.ibm.ws.config.xml.internal.ConfigRefresher               A CWWKG0016I: Starting server configuration update.
[9/5/19 9:46:27:818 IST] 0000001a com.ibm.ws.config.xml.internal.ConfigRefresher               A CWWKG0018I: The server configuration was not updated. No functional changes were detected.
[9/5/19 9:46:30:026 IST] 00000017 com.ibm.ws.config.xml.internal.ConfigRefresher               A CWWKG0016I: Starting server configuration update.
[9/5/19 9:46:30:210 IST] 0000002c com.ibm.ws.webcontainer.servlet                              I SRVE0242I: [AnalyticsServices] [/analytics-service] [SwaggerJaxrsConfig]: Initialization successful.
[9/5/19 9:46:30:247 IST] 0000002c com.ibm.ws.app.manager.AppMessageHelper                      A CWWKZ0001I: Application AnalyticsServices started in 53.987 seconds.
[9/5/19 9:46:30:394 IST] 0000005a com.ibm.ws.config.xml.internal.ConfigRefresher               A CWWKG0017I: The server configuration was successfully updated in 0.368 seconds.
[9/5/19 9:46:30:427 IST] 0000005d com.ibm.ws.app.manager.AppMessageHelper                      I CWWKZ0018I: Starting application calculatorix.
[9/5/19 9:46:31:316 IST] 0000005d com.ibm.ws.webcontainer.osgi.webapp.WebGroup                 I SRVE0169I: Loading Web Module: Worklight.
[9/5/19 9:46:31:317 IST] 0000005d com.ibm.ws.webcontainer                                      I SRVE0250I: Web Module Worklight has been bound to default_host.
[9/5/19 9:46:31:317 IST] 0000005d com.ibm.ws.http.internal.VirtualHostImpl                     A CWWKT0016I: Web application available (default_host): http://192.168.204.241:10080/calculatorix/
[9/5/19 9:46:33:266 IST] 0000005d com.ibm.ws.session.WASSessionCore                            I SESN0176I: A new session context will be created for application key default_host/calculatorix
[9/5/19 9:46:33:267 IST] 0000005d com.ibm.ws.util                                              I SESN0172I: The session manager is using the Java default SecureRandom implementation for session ID generation.
[9/5/19 9:46:33:278 IST] 0000005d com.ibm.ws.jsp                                               I JSPG8502I: The value of the JSP attribute jdkSourceLevel is "15".
[9/5/19 9:46:36:243 IST] 0000005d com.worklight.common.util.JNDIFromPropertiesUtil             I Using JNDI configuration conf/jndi/default.properties
[9/5/19 9:46:37:285 IST] 0000005d com.worklight.server.bundle.project.JeeProjectActivator      I FWLST0024I: Scanning jar: jar:file:/home/tusharsharma/tushi-work/projects/mobilefirst/MobileFirstServerConfig/shared/resources/worklight-jee-library-7.1.0.jar!/conf/db.default.properties  [project calculatorix]
[9/5/19 9:46:37:285 IST] 0000005d com.worklight.server.bundle.project.JeeProjectActivator      I FWLST0024I: Scanning jar: jar:file:/home/tusharsharma/tushi-work/projects/mobilefirst/MobileFirstServerConfig/shared/resources/worklight-jee-library-7.1.0.jar!/conf/worklight.properties  [project calculatorix]
[9/5/19 9:46:37:287 IST] 0000005d com.worklight.server.bundle.project.JeeProjectActivator      I FWLST0024I: Scanning jar: jar:file:/home/tusharsharma/tushi-work/projects/mobilefirst/MobileFirstServerConfig/servers/worklight/apps/calculatorix.war!/WEB-INF/classes/conf/worklight.properties  [project calculatorix]
[9/5/19 9:46:37:633 IST] 0000005d com.worklight.server.bundle.api.WorklightConfiguration       I FWLSE4006I: IBM MobileFirst Platform Studio is running in 'development' mode. [project calculatorix]
[9/5/19 9:46:37:643 IST] 0000005d .worklight.server.bundle.project.ProjectConfigurationFactory W Using empty value for configuration property 'wl.analytics.logs.packages'
[9/5/19 9:46:37:669 IST] 00000060 com.worklight.server.bundle.project.JeeProjectActivator      I FWLST0022I: Worklight project async start = true
[9/5/19 9:46:37:875 IST] 0000005d apache.wink.server.internal.application.ApplicationProcessor I The following JAX-RS application has been processed: com.ibm.ws.jaxrs.webcontainer.JAXRSDefaultApplicationSubclassProxy
[9/5/19 9:46:37:875 IST] 0000005d org.apache.wink.server.internal.log.Resources                I The server has registered the JAX-RS resource class com.worklight.authorization.endpoint.registration.AppInstanceRegistrationEndpoint with @Path(/v1/clients/instance/).
[9/5/19 9:46:37:875 IST] 0000005d org.apache.wink.server.internal.log.Resources                I The server has registered the JAX-RS resource class com.worklight.authorization.endpoint.validation.TokenValidationEndpoint with @Path(/v1/token/validation).
[9/5/19 9:46:37:876 IST] 0000005d org.apache.wink.server.internal.log.Resources                I The server has registered the JAX-RS resource class com.worklight.authorization.endpoint.registration.PreviewRegistrationEndpoint with @Path(/v1/clients/preview/).
[9/5/19 9:46:37:877 IST] 0000005d org.apache.wink.server.internal.log.Resources                I The server has registered the JAX-RS resource class com.worklight.authorization.endpoint.authorization.AuthorizationEndpoint with @Path(/v1/authorization).
[9/5/19 9:46:37:877 IST] 0000005d org.apache.wink.server.internal.log.Resources                I The server has registered the JAX-RS resource class com.worklight.authorization.endpoint.publickey.PublicKeyEndpoint with @Path(/v1/publickey).
[9/5/19 9:46:37:877 IST] 0000005d org.apache.wink.server.internal.log.Resources                I The server has registered the JAX-RS resource class com.worklight.authorization.endpoint.testtoken.TestTokenEndpoint with @Path(/v1/testtoken).
[9/5/19 9:46:37:878 IST] 0000005d org.apache.wink.server.internal.log.Resources                I The server has registered the JAX-RS resource class com.worklight.authorization.endpoint.token.TokenEndpoint with @Path(/v1/token).
[9/5/19 9:46:37:878 IST] 0000005d org.apache.wink.server.internal.log.Providers                I There are no custom JAX-RS providers defined in the application.
[9/5/19 9:46:37:879 IST] 00000060 com.worklight.server.bundle.project.JeeProjectActivator      I FWLST0001I: Worklight home folder is /home/tusharsharma/tushi-work/projects/mobilefirst/MobileFirstServerConfig/servers/worklight/workarea/org.eclipse.osgi/63/data/temp/default_node/SMF_WebContainer/calculatorix/calculatorix [project calculatorix]
[9/5/19 9:46:38:132 IST] 0000005d com.ibm.ws.webcontainer.servlet                              I SRVE0242I: [calculatorix] [/calculatorix] [OAuthAuthorizationServer]: Initialization successful.
[9/5/19 9:46:38:176 IST] 00000060 ingframework.context.support.FileSystemXmlApplicationContext I Refreshing org.springframework.context.support.FileSystemXmlApplicationContext@2d7ea738: startup date [Thu Sep 05 09:46:38 IST 2019]; root of context hierarchy
[9/5/19 9:46:38:199 IST] 0000005d apache.wink.server.internal.application.ApplicationProcessor I The following JAX-RS application has been processed: com.ibm.ws.jaxrs.webcontainer.JAXRSDefaultApplicationSubclassProxy
[9/5/19 9:46:38:199 IST] 0000005d org.apache.wink.server.internal.log.Resources                I The server has registered the JAX-RS resource class com.worklight.oauth.TokenValidationEndpoint with @Path(/validation).
[9/5/19 9:46:38:200 IST] 0000005d org.apache.wink.server.internal.log.Resources                I The server has registered the JAX-RS resource class com.worklight.oauth.TokenEndpoint with @Path(/token).
[9/5/19 9:46:38:200 IST] 0000005d org.apache.wink.server.internal.log.Providers                I There are no custom JAX-RS providers defined in the application.
[9/5/19 9:46:38:281 IST] 0000005d com.ibm.ws.webcontainer.servlet                              I SRVE0242I: [calculatorix] [/calculatorix] [AuthorizationServer]: Initialization successful.
[9/5/19 9:46:38:543 IST] 00000060 rg.springframework.beans.factory.xml.XmlBeanDefinitionReader I Loading XML bean definitions from URL [wsjar:file:/home/tusharsharma/tushi-work/projects/mobilefirst/MobileFirstServerConfig/shared/resources/worklight-jee-library-7.1.0.jar!/conf/spring-server-core.xml]
[9/5/19 9:46:38:599 IST] 0000005d apache.wink.server.internal.application.ApplicationProcessor I The following JAX-RS application has been processed: com.ibm.ws.jaxrs.webcontainer.JAXRSDefaultApplicationSubclassProxy
[9/5/19 9:46:38:600 IST] 0000005d org.apache.wink.server.internal.log.Resources                I The server has registered the JAX-RS resource class com.ibm.pushworks.server.rest.resources.PushResourceRouter with @Path(/).
[9/5/19 9:46:38:600 IST] 0000005d org.apache.wink.server.internal.log.Providers                I The class com.fasterxml.jackson.jaxrs.json.JacksonJsonProvider was registered as a JAX-RS MessageBodyReader provider for all Java types and */* media types.
[9/5/19 9:46:38:600 IST] 0000005d org.apache.wink.server.internal.log.Providers                I The class com.fasterxml.jackson.jaxrs.json.JacksonJsonProvider was registered as a JAX-RS MessageBodyWriter provider for all Java types and */* media types.
[9/5/19 9:46:38:600 IST] 0000005d org.apache.wink.server.internal.log.Providers                I The class com.ibm.pushworks.server.rest.response.PushWorksServerExceptionWriter was registered as a JAX-RS ExceptionMapper provider for com.ibm.pushworks.server.exceptions.PushWorksException Java types.
[9/5/19 9:46:38:613 IST] 0000005d com.ibm.ws.webcontainer.servlet                              I SRVE0242I: [calculatorix] [/calculatorix] [PushWorksApplication]: Initialization successful.
[9/5/19 9:46:38:642 IST] 0000005d com.ibm.ws.app.manager.AppMessageHelper                      A CWWKZ0001I: Application calculatorix started in 8.215 seconds.
[9/5/19 9:46:39:057 IST] 00000060 rg.springframework.beans.factory.xml.XmlBeanDefinitionReader I Loading XML bean definitions from URL [wsjar:file:/home/tusharsharma/tushi-work/projects/mobilefirst/MobileFirstServerConfig/shared/resources/worklight-jee-library-7.1.0.jar!/conf/core.xml]
[9/5/19 9:46:39:183 IST] 00000060 rg.springframework.beans.factory.xml.XmlBeanDefinitionReader I Loading XML bean definitions from URL [wsjar:file:/home/tusharsharma/tushi-work/projects/mobilefirst/MobileFirstServerConfig/shared/resources/worklight-jee-library-7.1.0.jar!/conf/integration.xml]
[9/5/19 9:46:39:198 IST] 00000060 rg.springframework.beans.factory.xml.XmlBeanDefinitionReader I Loading XML bean definitions from URL [wsjar:file:/home/tusharsharma/tushi-work/projects/mobilefirst/MobileFirstServerConfig/shared/resources/worklight-jee-library-7.1.0.jar!/conf/gadgets.xml]
[9/5/19 9:46:39:226 IST] 00000060 rg.springframework.beans.factory.xml.XmlBeanDefinitionReader I Loading XML bean definitions from URL [wsjar:file:/home/tusharsharma/tushi-work/projects/mobilefirst/MobileFirstServerConfig/shared/resources/worklight-jee-library-7.1.0.jar!/conf/pushworks.xml]
[9/5/19 9:46:39:268 IST] 00000060 ngframework.beans.factory.support.DefaultListableBeanFactory I Overriding bean definition for bean 'gadgetCustomizedResourcesRoot': replacing [Generic bean: class [com.worklight.core.util.WorkingDirectory]; scope=; abstract=false; lazyInit=false; autowireMode=0; dependencyCheck=0; autowireCandidate=true; primary=false; factoryBeanName=null; factoryMethodName=null; initMethodName=null; destroyMethodName=null; defined in URL [wsjar:file:/home/tusharsharma/tushi-work/projects/mobilefirst/MobileFirstServerConfig/shared/resources/worklight-jee-library-7.1.0.jar!/conf/gadgets.xml]] with [Generic bean: class [com.worklight.core.util.WorkingDirectory]; scope=; abstract=false; lazyInit=false; autowireMode=0; dependencyCheck=0; autowireCandidate=true; primary=false; factoryBeanName=null; factoryMethodName=null; initMethodName=null; destroyMethodName=null; defined in URL [wsjar:file:/home/tusharsharma/tushi-work/projects/mobilefirst/MobileFirstServerConfig/shared/resources/worklight-jee-library-7.1.0.jar!/conf/spring-server-core.xml]]
[9/5/19 9:46:39:270 IST] 00000060 ngframework.beans.factory.support.DefaultListableBeanFactory I Overriding bean definition for bean 'gadgetResourcesRoot': replacing [Generic bean: class [com.worklight.core.util.WorkingDirectory]; scope=; abstract=false; lazyInit=false; autowireMode=0; dependencyCheck=0; autowireCandidate=true; primary=false; factoryBeanName=null; factoryMethodName=null; initMethodName=null; destroyMethodName=null; defined in URL [wsjar:file:/home/tusharsharma/tushi-work/projects/mobilefirst/MobileFirstServerConfig/shared/resources/worklight-jee-library-7.1.0.jar!/conf/gadgets.xml]] with [Generic bean: class [com.worklight.core.util.WorkingDirectory]; scope=; abstract=false; lazyInit=false; autowireMode=0; dependencyCheck=0; autowireCandidate=true; primary=false; factoryBeanName=null; factoryMethodName=null; initMethodName=null; destroyMethodName=null; defined in URL [wsjar:file:/home/tusharsharma/tushi-work/projects/mobilefirst/MobileFirstServerConfig/shared/resources/worklight-jee-library-7.1.0.jar!/conf/spring-server-core.xml]]
[9/5/19 9:46:39:278 IST] 00000060 rg.springframework.beans.factory.xml.XmlBeanDefinitionReader I Loading XML bean definitions from URL [wsjar:file:/home/tusharsharma/tushi-work/projects/mobilefirst/MobileFirstServerConfig/shared/resources/worklight-jee-library-7.1.0.jar!/conf/jpa.xml]
[9/5/19 9:46:40:199 IST] 00000063 com.worklight.common.util.jmx.LibertyRuntimeMBeanHandler     I Bean '*' does not exist.
[9/5/19 9:46:40:199 IST] 00000063 com.ibm.worklight.admin.services.RuntimeService              I No mxbeans found
[9/5/19 9:46:41:656 IST] 00000060 com.worklight.server.database.api.WorklightDataSource        I FWLSE0187I: jdbc/WorklightReportsDS data source is disabled. No connection opened.  [project calculatorix]
[9/5/19 9:46:41:703 IST] 00000060 ringframework.orm.jpa.LocalContainerEntityManagerFactoryBean I Building JPA container EntityManagerFactory for persistence unit 'WorklightReportsPU'
[9/5/19 9:46:42:097 IST] 00000060 SystemErr                                                    R 41  WorklightReportsPU  WARN   [Worklight runtime initialization for context=/calculatorix] openjpa.Runtime - An error occurred while registering a ClassTransformer with PersistenceUnitInfo: name 'WorklightReportsPU', root URL [file:/home/tusharsharma/tushi-work/projects/mobilefirst/MobileFirstServerConfig/shared/resources/worklight-jee-library-7.1.0.jar]. The error has been consumed. To see it, set your openjpa.Runtime log level to TRACE. Load-time class transformation will not be available.
[9/5/19 9:46:42:401 IST] 0000006c com.worklight.common.util.jmx.LibertyRuntimeMBeanHandler     I Bean '*' does not exist.
[9/5/19 9:46:42:408 IST] 0000006c com.ibm.worklight.admin.services.RuntimeService              I No mxbeans found
[9/5/19 9:46:42:972 IST] 00000060 hsqldb.db.HSQLDB6CFFA3874F.ENGINE                            I Checkpoint start
[9/5/19 9:46:42:975 IST] 00000060 hsqldb.db.HSQLDB6CFFA3874F.ENGINE                            I checkpointClose start
[9/5/19 9:46:43:192 IST] 00000060 hsqldb.db.HSQLDB6CFFA3874F.ENGINE                            I checkpointClose end
[9/5/19 9:46:43:260 IST] 00000060 hsqldb.db.HSQLDB6CFFA3874F.ENGINE                            I Checkpoint end
[9/5/19 9:46:43:334 IST] 00000060 ringframework.orm.jpa.LocalContainerEntityManagerFactoryBean I Building JPA container EntityManagerFactory for persistence unit 'WorklightPU'
[9/5/19 9:46:43:343 IST] 00000060 SystemErr                                                    R 1  WorklightPU  WARN   [Worklight runtime initialization for context=/calculatorix] openjpa.Runtime - An error occurred while registering a ClassTransformer with PersistenceUnitInfo: name 'WorklightPU', root URL [file:/home/tusharsharma/tushi-work/projects/mobilefirst/MobileFirstServerConfig/shared/resources/worklight-jee-library-7.1.0.jar]. The error has been consumed. To see it, set your openjpa.Runtime log level to TRACE. Load-time class transformation will not be available.
[9/5/19 9:46:43:344 IST] 00000060 ngframework.beans.factory.support.DefaultListableBeanFactory I Pre-instantiating singletons in org.springframework.beans.factory.support.DefaultListableBeanFactory@6e47a59c: defining beans [org.springframework.context.annotation.internalConfigurationAnnotationProcessor,org.springframework.context.annotation.internalAutowiredAnnotationProcessor,org.springframework.context.annotation.internalRequiredAnnotationProcessor,org.springframework.context.annotation.internalCommonAnnotationProcessor,org.springframework.context.annotation.internalPersistenceAnnotationProcessor,mailingService,WorkLightNotice,rssBrokerUtils,audit,GenericDAOFactory,GenericDAO,clusterSynchronizationDAOFactory,clusterSynchronizationDAO,taskCoordinator,taskManager,worklightAuthenticationService,loginConfigurationServiceBean,protectedResourceFactory,ssoDAOFactory,ssoDAO,ssoExpiredLoginContextsCleanupTask,keyStoreManager,authorizationServer,OAuthValidator,OAuthValidationFilter,authorizationStore,OAuthInternalFilter,JAXRSSandboxFactory,AdapterResourceFactory,wlServerAPI,securityAPI,adaptersAPI,configurationAPI,pushAPI,analyticsAPI,winkFrameworkSharedClassLoader,dataAccessService,shellResourcesService,analyticsService,coreServiceManager,adapterManager,nodeProcessManager,adapterManagementService,factProcessingTask,PlatformUsageProcessingTask,notificationCleanupTask,WSSecurityService,cloudantDatabaseFactory,cloudantConnectorFactory,gadgetDAOFactory,gadgetDAO,userPrefDAOFactory,userPrefDAO,deviceDAOFactory,deviceDAO,licenseTermsDAOFactory,licenseTermsDAO,clientInstanceDAOFactory,clientInstanceDAO,licenseTermsAddressableDeviceDAOFactory,licenseTermsAddressableDeviceDAO,AttributeStoreDAOFactory,attributeStoreDAO,platformUsageService,configProfileService,gfwProps,gadgetEnvironmentManager,gadgetResourcesRoot,gadgetCustomizedResourcesRoot,applicationMetadataService,applicationManagementService,beaconService,notificationsSimulationManager,pushServiceListener,PushService,reportService,reportsDS,reportsBrokerDS,reportsSessionFactory,gadgetReportsDAO,notificationReportsDao,gadgetReportsService,analyticsFactService,analyticsSDKProvider,analyticsSDK,nodeInfo,registrationService,runtimeTransactionHandler,projectSyncService,xsConfiguration,attributeStoreFactory,attributeStoreDBCleanupTask,classCache,com.worklight.core.logging.ServerInfoLog#0,txManager,worklight-direct,rssBrokerDS,brokerSessionFactory,org.springframework.context.annotation.ConfigurationClassPostProcessor.importAwareProcessor]; root of factory hierarchy
[9/5/19 9:46:43:782 IST] 00000060 com.worklight.server.bundle.project.JeeProjectActivator      I FWLST0024I: Scanning jar: jar:file:/home/tusharsharma/tushi-work/projects/mobilefirst/MobileFirstServerConfig/shared/resources/worklight-jee-library-7.1.0.jar!/conf/authenticationConfig.xml  [project calculatorix]
[9/5/19 9:46:43:879 IST] 00000060 com.worklight.server.bundle.project.JeeProjectActivator      I FWLST0024I: Scanning jar: jar:file:/home/tusharsharma/tushi-work/projects/mobilefirst/MobileFirstServerConfig/servers/worklight/apps/calculatorix.war!/WEB-INF/classes/conf/authenticationConfig.xml  [project calculatorix]
[9/5/19 9:46:44:447 IST] 0000008b com.worklight.common.util.jmx.LibertyRuntimeMBeanHandler     I Bean '*' does not exist.
[9/5/19 9:46:44:447 IST] 0000008b com.ibm.worklight.admin.services.RuntimeService              I No mxbeans found
[9/5/19 9:46:44:772 IST] 00000060 com.worklight.server.bundle.project.JeeProjectActivator      I FWLST0024I: Scanning jar: jar:file:/home/tusharsharma/tushi-work/projects/mobilefirst/MobileFirstServerConfig/servers/worklight/apps/calculatorix.war!/WEB-INF/classes/conf/mfp-default.keystore  [project calculatorix]
[9/5/19 9:46:44:969 IST] 00000060 SystemErr                                                    R 1627  WorklightPU  INFO   [Worklight runtime initialization for context=/calculatorix] openjpa.Runtime - Starting OpenJPA 1.2.2
[9/5/19 9:46:45:063 IST] 00000060 SystemErr                                                    R 1721  WorklightPU  INFO   [Worklight runtime initialization for context=/calculatorix] openjpa.jdbc.JDBC - Using dictionary class "org.apache.openjpa.jdbc.sql.HSQLDictionary".
[9/5/19 9:46:46:475 IST] 00000096 com.worklight.common.util.jmx.LibertyRuntimeMBeanHandler     I Bean '*' does not exist.
[9/5/19 9:46:46:475 IST] 00000096 com.ibm.worklight.admin.services.RuntimeService              I No mxbeans found
[9/5/19 9:46:46:741 IST] 0000004b com.ibm.mobile.analytics.server.util.Warmers                 I Warmer frequency set to 600000 milliseconds
[9/5/19 9:46:47:086 IST] 00000060 com.worklight.authorization.server.AuthorizationServer       I FWLSE0364W : No configuration for trusted signing certificates. [project calculatorix]
[9/5/19 9:46:47:135 IST] 00000060 om.worklight.core.attrstore.DistributedAttributeStoreFactory I FWLSE0371I : This attribute store type is: com.worklight.core.attrstore.DBAttributeStoreManager [project calculatorix]
[9/5/19 9:46:47:157 IST] 00000060 om.worklight.core.attrstore.DistributedAttributeStoreFactory I FWLSE0351I: Session independent mode is set to 'true'. [project calculatorix]
[9/5/19 9:46:47:268 IST] 00000060 com.worklight.report.impl.GadgetReportsServiceImpl           I FWLSE0186I: Application raw reports are disabled. [project calculatorix]
[9/5/19 9:46:48:544 IST] 000000a4 com.worklight.common.util.jmx.LibertyRuntimeMBeanHandler     I Bean '*' does not exist.
[9/5/19 9:46:48:544 IST] 000000a4 com.ibm.worklight.admin.services.RuntimeService              I No mxbeans found
[9/5/19 9:46:49:179 IST] 00000060 com.worklight.common.util.jmx.LibertyJMXRegister             I FWLSE2008I: MBean registration succeeded for: com.worklight.common.server.jmx.api:type=ProjectManagement,qualifier=calculatorix [project calculatorix]
[9/5/19 9:46:49:351 IST] 00000060 com.worklight.core.logging.ServerInfoLog                     I 
MFP version: 7.1.0.00.20190704-0841
Running on server: Liberty, version:8.5.5.5. Running on premise
Running OS: Linux, version: 5.2.9-200.fc30.x86_64
Java: BellSoft, version: 1.8.0_222
DB name: HSQL Database Engine, version:2.2.5
[9/5/19 9:46:49:412 IST] 00000060 com.worklight.core.auth.impl.AuthenticationFilter            I FWLSE0273I: Set sync required to 'true' [project calculatorix]
[9/5/19 9:46:49:418 IST] 00000060 com.worklight.common.util.jmx.LibertyRuntimeMBeanHandler     I Establishing REST connection to service:jmx:rest://localhost:10443/IBMJMXConnectorREST
[9/5/19 9:46:49:472 IST] 00000060 com.worklight.common.util.jmx.LibertyRuntimeMBeanHandler     I Successful REST connection to service:jmx:rest://localhost:10443/IBMJMXConnectorREST
[9/5/19 9:46:52:281 IST] 000000c9 com.ibm.worklight.admin.jmx.ManagementMXBeanImpl             I Accessing the ping service http://localhost:10080//worklightadmin/ping
[9/5/19 9:46:52:281 IST] 000000bc com.ibm.worklight.admin.jmx.ManagementMXBeanImpl             I Accessing the ping service http://localhost:10080//worklightadmin/ping
[9/5/19 9:46:52:843 IST] 000000cd com.ibm.worklight.admin.services.ManagementService           I Ping service checking the availability of the HTTP(s) port successfully invoked
[9/5/19 9:46:52:844 IST] 000000ce com.ibm.worklight.admin.services.ManagementService           I Ping service checking the availability of the HTTP(s) port successfully invoked
[9/5/19 9:46:52:940 IST] 000000bc com.ibm.worklight.admin.jmx.ManagementMXBeanImpl             I The ping service http://localhost:10080//worklightadmin/ping is available
[9/5/19 9:46:52:940 IST] 000000c9 com.ibm.worklight.admin.jmx.ManagementMXBeanImpl             I The ping service http://localhost:10080//worklightadmin/ping is available
[9/5/19 9:46:54:399 IST] 000000bc com.ibm.worklight.admin.jmx.ManagementMXBeanImpl             I Accessing the ping service http://localhost:10080//worklightadmin/ping
[9/5/19 9:46:54:415 IST] 000000d2 com.ibm.worklight.admin.services.ManagementService           I Ping service checking the availability of the HTTP(s) port successfully invoked
[9/5/19 9:46:54:419 IST] 000000bc com.ibm.worklight.admin.jmx.ManagementMXBeanImpl             I The ping service http://localhost:10080//worklightadmin/ping is available
[9/5/19 9:46:56:041 IST] 000000d4 SystemErr                                                    R 45390  WorklightManagementPU-derby  INFO   [LargeThreadPool-thread-104] openjpa.Runtime - Though you are using optimistic transactions, OpenJPA is now beginning a datastore transaction because you have requested a lock on some data.
[9/5/19 9:46:57:137 IST] 000000d4 SystemErr                                                    R 46486  WorklightManagementPU-derby  INFO   [LargeThreadPool-thread-104] openjpa.Runtime - Though you are using optimistic transactions, OpenJPA is now beginning a datastore transaction because you have requested a lock on some data.
[9/5/19 9:46:58:689 IST] 00000060 com.worklight.core.auth.impl.AuthenticationFilter            I FWLSE0273I: Set sync required to 'true' [project calculatorix]
[9/5/19 9:46:58:693 IST] 00000060 com.worklight.core.jmx.ProjectSynchronizationBean            I FWLSE0271I: Resources dir '/home/tusharsharma/tushi-work/projects/mobilefirst/MobileFirstServerConfig/servers/worklight/workarea/org.eclipse.osgi/63/data/temp/default_node/SMF_WebContainer/calculatorix/calculatorix/widget-resources' is going to be cleaned [project calculatorix]
[9/5/19 9:46:58:906 IST] 000000fa SystemErr                                                    R 48255  WorklightManagementPU-derby  INFO   [LargeThreadPool-thread-123] openjpa.Runtime - Though you are using optimistic transactions, OpenJPA is now beginning a datastore transaction because you have requested a lock on some data.
[9/5/19 9:46:59:025 IST] 000000fa com.ibm.worklight.admin.jmx.ManagementMXBeanImpl             I Result: calculatorix: worklight///192.168.204.241: Runtime was synchronized successfully
[9/5/19 9:46:59:072 IST] 000000fa com.ibm.worklight.admin.jmx.ManagementMXBeanImpl             I calculatorix: worklight///192.168.204.241: 2019-09-05T04:16:58.801Z: Transaction handler reset
[9/5/19 9:46:59:082 IST] 00000060 com.worklight.core.init.WorklightServletInitializer          I FWLSE0247I: The calculatorix project initialization times were: start-firstReadyCheck=4, firstReadyCheck=1,657, ready for sync=3,355, sync=4,654 [project calculatorix]
[9/5/19 9:46:59:084 IST] 00000060 com.worklight.core.auth.impl.AuthenticationFilter            I FWLSE0273I: Set sync required to 'false' [project calculatorix]
[9/5/19 9:46:59:216 IST] 00000060 com.worklight.core.ilmt.WorklightILMTLogger                  I FWLSE0278I: The default ILMT directory '/var/ibm/common/slm' cannot be used. [project calculatorix]
[9/5/19 9:46:59:222 IST] 00000060 com.worklight.core.ilmt.WorklightILMTLogger                  I FWLSE0282I: Using the ILMT directory '/home/tusharsharma/tushi-work/projects/mobilefirst/MobileFirstServerConfig/servers/worklight/logs'. [project calculatorix]
[9/5/19 9:46:59:284 IST] 00000060 com.worklight.server.bundle.project.JeeProjectActivator      I FWLST0002I: ========= Project /calculatorix started. The project WAR file version is 7.1.0.00.20190704-0841,running on server version 7.1.0.00.20190704-0841. [project calculatorix]
[9/5/19 9:47:00:253 IST] 000000f6 SystemErr                                                    R 49602  WorklightManagementPU-derby  INFO   [LargeThreadPool-thread-119] openjpa.Runtime - Though you are using optimistic transactions, OpenJPA is now beginning a datastore transaction because you have requested a lock on some data.
[9/5/19 9:47:00:321 IST] 000000f6 SystemErr                                                    R 49669  WorklightManagementPU-derby  INFO   [LargeThreadPool-thread-119] openjpa.Runtime - Though you are using optimistic transactions, OpenJPA is now beginning a datastore transaction because you have requested a lock on some data.
[9/5/19 9:47:00:524 IST] 000000f6 SystemErr                                                    R 49873  WorklightManagementPU-derby  INFO   [LargeThreadPool-thread-119] openjpa.Runtime - Though you are using optimistic transactions, OpenJPA is now beginning a datastore transaction because you have requested a lock on some data.
[9/5/19 9:47:03:331 IST] 0000010c com.worklight.core.jmx.ProjectManagementMXBeanImpl           I FWLSE0275I: Starting transaction with ID 1 for 'deployApplication'.  [project calculatorix]
[9/5/19 9:47:03:709 IST] 0000010c com.worklight.common.util.HttpUtil                           I FWLSE2014I: Downloading a worklight artifact from http://localhost.localdomain:10080/worklightadmin/otu/1.0/fffffff5ffffffa22533ffffffb87d1f68425a5139ffffffda0affffff871e/runtimes/calculatorix/downloads/applications/Temporary317569284/common/1.0 [project calculatorix]
[9/5/19 9:47:03:750 IST] 0000010c om.worklight.applications.deployers.base.EnvironmentDeployer I FWLSE0274I: Environment common deployed to directory '/home/tusharsharma/tushi-work/projects/mobilefirst/MobileFirstServerConfig/servers/worklight/workarea/org.eclipse.osgi/63/data/temp/default_node/SMF_WebContainer/calculatorix/calculatorix/widget-resources/calculatorix-common-c58eb7b2192a777553764f2eaa2af14efc892eab' . [project calculatorix]
[9/5/19 9:47:03:772 IST] 000000f6 com.ibm.worklight.admin.actions.BaseTransaction              I Result: calculatorix: worklight///192.168.204.241: Preparation to deploy 'calculatorix' finished
[9/5/19 9:47:03:821 IST] 00000111 com.worklight.core.jmx.ProjectManagementMXBeanImpl           I FWLSE0275I: Starting transaction with ID 1 for 'commit'.  [project calculatorix]
[9/5/19 9:47:03:827 IST] 000000f6 com.ibm.worklight.admin.actions.BaseTransaction              I Result: calculatorix: worklight///192.168.204.241: Commit
[9/5/19 9:47:03:830 IST] 000000f6 com.ibm.worklight.admin.actions.BaseTransaction              I calculatorix: worklight///192.168.204.241: 2019-09-05T04:17:03.823Z: Application 'calculatorix' was updated
[9/5/19 9:47:04:090 IST] 000000f6 SystemErr                                                    R 53439  WorklightManagementPU-derby  INFO   [LargeThreadPool-thread-119] openjpa.Runtime - Though you are using optimistic transactions, OpenJPA is now beginning a datastore transaction because you have requested a lock on some data.
[9/5/19 9:47:06:729 IST] 0000011c com.ibm.ws.webcontainer.servlet                              I SRVE0242I: [calculatorix] [/calculatorix] [PreviewServlet]: Initialization successful.
[9/5/19 9:47:44:873 IST] 00000133 com.ibm.worklight.admin.common.util.ContextPropertyUtil      I Resource conf/jndi/default.properties not found. This is not an error. Context path is /worklightconsole
[9/5/19 9:47:59:191 IST] 0000002f m.ibm.worklight.management.ui.servlet.ConsoleServicesServlet I The endpoint used to invoke the MFP administration services is http://localhost.localdomain:10080/worklightadmin/
[9/5/19 9:47:59:284 IST] 00000102 com.worklight.core.ilmt.WorklightILMTLogger                  I FWLSE0277I: Creating an ILMT record in the file '/home/tusharsharma/tushi-work/projects/mobilefirst/MobileFirstServerConfig/servers/worklight/logs/fd8e44ad8dc80e50b7c457cff4d27e02.slmtag'. [project calculatorix]
[9/5/19 9:47:59:289 IST] 00000102 com.worklight.core.ilmt.WorklightILMTLogger                  I FWLSE0367E: Missing License Report data. Failed to create an ILMT record. [project calculatorix]
[9/5/19 12:00:16:704 IST] 0000000f com.ibm.ws.kernel.launch.internal.FrameworkManager           A CWWKE0085I: The server worklight is stopping because the JVM is exiting.
[9/5/19 12:00:17:679 IST] 00000308 com.ibm.ws.runtime.update.internal.RuntimeUpdateManagerImpl  I CWWKE1100I: Begin server quiesce.
[9/5/19 12:00:18:162 IST] 00000309 com.ibm.ws.tcpchannel.internal.TCPChannel                    I CWWKO0220I: TCP Channel defaultHttpEndpoint-ssl has stopped listening for requests on host *  (IPv6) port 10443.
[9/5/19 12:00:18:325 IST] 00000309 com.ibm.ws.tcpchannel.internal.TCPChannel                    I CWWKO0220I: TCP Channel defaultHttpEndpoint has stopped listening for requests on host *  (IPv6) port 10080.
[9/5/19 12:00:18:326 IST] 00000309 com.ibm.ws.http.internal.VirtualHostImpl                     A CWWKT0017I: Web application removed (default_host): http://192.168.204.241:10080/calculatorix/
[9/5/19 12:00:18:327 IST] 00000309 com.ibm.ws.http.internal.VirtualHostImpl                     A CWWKT0017I: Web application removed (default_host): http://192.168.204.241:10080/worklightconsole/
[9/5/19 12:00:18:328 IST] 00000309 com.ibm.ws.http.internal.VirtualHostImpl                     A CWWKT0017I: Web application removed (default_host): http://192.168.204.241:10080/analytics-service/
[9/5/19 12:00:18:328 IST] 00000309 com.ibm.ws.http.internal.VirtualHostImpl                     A CWWKT0017I: Web application removed (default_host): http://192.168.204.241:10080/analytics/
[9/5/19 12:00:18:329 IST] 00000309 com.ibm.ws.http.internal.VirtualHostImpl                     A CWWKT0017I: Web application removed (default_host): http://192.168.204.241:10080/IBMJMXConnectorREST/
[9/5/19 12:00:18:330 IST] 00000309 com.ibm.ws.http.internal.VirtualHostImpl                     A CWWKT0017I: Web application removed (default_host): http://192.168.204.241:10080/worklightadmin/
[9/5/19 12:00:18:330 IST] 00000309 com.ibm.ws.http.internal.VirtualHostImpl                     A CWWKT0017I: Web application removed (default_host): http://192.168.204.241:10080/_MobileBrowserSimulator/
[9/5/19 12:00:18:332 IST] 00000308 com.ibm.ws.runtime.update.internal.RuntimeUpdateManagerImpl  I CWWKE1101I: Server quiesce complete.
[9/5/19 12:00:21:085 IST] 00000022 com.ibm.ws.app.manager.AppMessageHelper                      A CWWKZ0009I: The application _MobileBrowserSimulator has stopped successfully.
[9/5/19 12:00:21:470 IST] 00000141 com.ibm.ws.app.manager.AppMessageHelper                      A CWWKZ0009I: The application WorklightConsole has stopped successfully.
[9/5/19 12:00:21:523 IST] 0000011f com.ibm.ws.app.manager.AppMessageHelper                      A CWWKZ0009I: The application AnalyticsUI has stopped successfully.
[9/5/19 12:00:21:524 IST] 00000119 com.ibm.ws.app.manager.AppMessageHelper                      A CWWKZ0009I: The application WorklightServices has stopped successfully.
[9/5/19 12:00:23:675 IST] 000000c8 com.ibm.ws.app.manager.AppMessageHelper                      A CWWKZ0009I: The application AnalyticsServices has stopped successfully.
[9/5/19 12:00:26:681 IST] 000000b4 com.ibm.ws.app.manager.AppMessageHelper                      A CWWKZ0009I: The application calculatorix has stopped successfully.
[9/5/19 12:00:49:522 IST] 00000308 com.ibm.ws.security.internal.SecurityReadyServiceImpl        I CWWKS0009I: The security service has stopped.
[9/5/19 12:00:52:349 IST] 00000308 com.ibm.tx.jta.impl.FailureScopeController                   A WTRN0105I: The transaction service has shutdown successfully with no transactions requiring recovery.
[9/5/19 12:00:53:585 IST] 00000001 com.ibm.ws.kernel.launch.internal.FrameworkManager           A CWWKE0036I: The server worklight stopped after 1 hours, 21 minutes, 30.492 seconds.
